remote_control_apps/DeviceApp/app/build/intermediates/manifest_merge_blame_file/debug/processDebugMainManifest/manifest-merger-blame-debug-report.txt
1<?xml version="1.0" encoding="utf-8"?>
2<manifest xmlns:android="http://schemas.android.com/apk/res/android"
3    package="com.example.deviceapp"
4    android:versionCode="1"
5    android:versionName="1.0" >
6
7    <uses-sdk
8        android:minSdkVersion="24"
9        android:targetSdkVersion="35" />
10
11    <uses-permission android:name="android.permission.INTERNET" />
11-->src/main/AndroidManifest.xml:5:5-67
11-->src/main/AndroidManifest.xml:5:22-64
12    <uses-permission android:name="android.permission.ACCESS_NETWORK_STATE" />
12-->src/main/AndroidManifest.xml:6:5-79
12-->src/main/AndroidManifest.xml:6:22-76
13    <uses-permission android:name="android.permission.RECORD_AUDIO" />
13-->src/main/AndroidManifest.xml:7:5-71
13-->src/main/AndroidManifest.xml:7:22-68
14    <uses-permission android:name="android.permission.CAMERA" />
14-->src/main/AndroidManifest.xml:8:5-65
14-->src/main/AndroidManifest.xml:8:22-62
15    <uses-permission android:name="android.permission.MODIFY_AUDIO_SETTINGS" />
15-->src/main/AndroidManifest.xml:9:5-80
15-->src/main/AndroidManifest.xml:9:22-77
16    <uses-permission android:name="android.permission.WRITE_EXTERNAL_STORAGE" />
16-->src/main/AndroidManifest.xml:10:5-81
16-->src/main/AndroidManifest.xml:10:22-78
17    <uses-permission android:name="android.permission.FOREGROUND_SERVICE" />
17-->src/main/AndroidManifest.xml:11:5-77
17-->src/main/AndroidManifest.xml:11:22-74
18    <uses-permission android:name="android.permission.SYSTEM_ALERT_WINDOW" />
18-->src/main/AndroidManifest.xml:12:5-78
18-->src/main/AndroidManifest.xml:12:22-75
19
20    <!-- Screen capture permissions -->
21    <uses-permission android:name="android.permission.FOREGROUND_SERVICE_MEDIA_PROJECTION" />
21-->src/main/AndroidManifest.xml:15:5-94
21-->src/main/AndroidManifest.xml:15:22-91
22    <uses-permission android:name="android.permission.CAPTURE_VIDEO_OUTPUT" />
22-->src/main/AndroidManifest.xml:16:5-79
22-->src/main/AndroidManifest.xml:16:22-76
23    <uses-permission android:name="android.permission.CAPTURE_SECURE_VIDEO_OUTPUT" />
23-->src/main/AndroidManifest.xml:17:5-86
23-->src/main/AndroidManifest.xml:17:22-83
24
25    <!-- Accessibility service permission -->
26    <uses-permission android:name="android.permission.BIND_ACCESSIBILITY_SERVICE" />
26-->src/main/AndroidManifest.xml:20:5-85
26-->src/main/AndroidManifest.xml:20:22-82
27
28    <permission
28-->[androidx.core:core:1.13.0] AndroidManifest.xml:22:5-24:47
29        android:name="com.example.deviceapp.DYNAMIC_RECEIVER_NOT_EXPORTED_PERMISSION"
29-->[androidx.core:core:1.13.0] AndroidManifest.xml:23:9-81
30        android:protectionLevel="signature" />
30-->[androidx.core:core:1.13.0] AndroidManifest.xml:24:9-44
31
32    <uses-permission android:name="com.example.deviceapp.DYNAMIC_RECEIVER_NOT_EXPORTED_PERMISSION" />
32-->[androidx.core:core:1.13.0] AndroidManifest.xml:26:5-97
32-->[androidx.core:core:1.13.0] AndroidManifest.xml:26:22-94
33
34    <application
34-->src/main/AndroidManifest.xml:22:5-59:19
35        android:allowBackup="true"
35-->src/main/AndroidManifest.xml:23:9-35
36        android:appComponentFactory="androidx.core.app.CoreComponentFactory"
36-->[androidx.core:core:1.13.0] AndroidManifest.xml:28:18-86
37        android:debuggable="true"
38        android:extractNativeLibs="false"
39        android:icon="@mipmap/ic_launcher"
39-->src/main/AndroidManifest.xml:24:9-43
40        android:label="@string/app_name"
40-->src/main/AndroidManifest.xml:25:9-41
41        android:testOnly="true"
42        android:theme="@style/AppTheme" >
42-->src/main/AndroidManifest.xml:26:9-40
43        <activity
43-->src/main/AndroidManifest.xml:28:9-35:20
44            android:name="com.example.deviceapp.MainActivity"
44-->src/main/AndroidManifest.xml:29:13-41
45            android:exported="true" >
45-->src/main/AndroidManifest.xml:30:13-36
46            <intent-filter>
46-->src/main/AndroidManifest.xml:31:13-34:29
47                <action android:name="android.intent.action.MAIN" />
47-->src/main/AndroidManifest.xml:32:17-69
47-->src/main/AndroidManifest.xml:32:25-66
48
49                <category android:name="android.intent.category.LAUNCHER" />
49-->src/main/AndroidManifest.xml:33:17-77
49-->src/main/AndroidManifest.xml:33:27-74
50            </intent-filter>
51        </activity>
52
53        <service
53-->src/main/AndroidManifest.xml:37:9-40:40
54            android:name="com.example.deviceapp.WebSocketService"
54-->src/main/AndroidManifest.xml:38:13-45
55            android:enabled="true"
55-->src/main/AndroidManifest.xml:39:13-35
56            android:exported="false" />
56-->src/main/AndroidManifest.xml:40:13-37
57        <service
57-->src/main/AndroidManifest.xml:42:9-45:40
58            android:name="com.example.deviceapp.ScreenCaptureService"
58-->src/main/AndroidManifest.xml:43:13-49
59            android:enabled="true"
59-->src/main/AndroidManifest.xml:44:13-35
60            android:exported="false" />
60-->src/main/AndroidManifest.xml:45:13-37
61        <service
61-->src/main/AndroidManifest.xml:47:9-57:19
62            android:name="com.example.deviceapp.AccessibilityControlService"
62-->src/main/AndroidManifest.xml:48:13-56
63            android:exported="true"
63-->src/main/AndroidManifest.xml:50:13-36
64            android:permission="android.permission.BIND_ACCESSIBILITY_SERVICE" >
64-->src/main/AndroidManifest.xml:49:13-79
65            <intent-filter>
65-->src/main/AndroidManifest.xml:51:13-53:29
66                <action android:name="android.accessibilityservice.AccessibilityService" />
66-->src/main/AndroidManifest.xml:52:17-92
66-->src/main/AndroidManifest.xml:52:25-89
67            </intent-filter>
68
69            <meta-data
69-->src/main/AndroidManifest.xml:54:13-56:72
70                android:name="android.accessibilityservice"
70-->src/main/AndroidManifest.xml:55:17-60
71                android:resource="@xml/accessibility_service_config" />
71-->src/main/AndroidManifest.xml:56:17-69
72        </service>
73
74        <provider
74-->[androidx.emoji2:emoji2:1.3.0] AndroidManifest.xml:24:9-32:20
75            android:name="androidx.startup.InitializationProvider"
75-->[androidx.emoji2:emoji2:1.3.0] AndroidManifest.xml:25:13-67
76            android:authorities="com.example.deviceapp.androidx-startup"
76-->[androidx.emoji2:emoji2:1.3.0] AndroidManifest.xml:26:13-68
77            android:exported="false" >
77-->[androidx.emoji2:emoji2:1.3.0] AndroidManifest.xml:27:13-37
78            <meta-data
78-->[androidx.emoji2:emoji2:1.3.0] AndroidManifest.xml:29:13-31:52
79                android:name="androidx.emoji2.text.EmojiCompatInitializer"
79-->[androidx.emoji2:emoji2:1.3.0] AndroidManifest.xml:30:17-75
80                android:value="androidx.startup" />
80-->[androidx.emoji2:emoji2:1.3.0] AndroidManifest.xml:31:17-49
81            <meta-data
81-->[androidx.lifecycle:lifecycle-process:2.6.2] AndroidManifest.xml:29:13-31:52
82                android:name="androidx.lifecycle.ProcessLifecycleInitializer"
82-->[androidx.lifecycle:lifecycle-process:2.6.2] AndroidManifest.xml:30:17-78
83                android:value="androidx.startup" />
83-->[androidx.lifecycle:lifecycle-process:2.6.2] AndroidManifest.xml:31:17-49
84            <meta-data
84-->[androidx.profileinstaller:profileinstaller:1.4.0] AndroidManifest.xml:29:13-31:52
85                android:name="androidx.profileinstaller.ProfileInstallerInitializer"
85-->[androidx.profileinstaller:profileinstaller:1.4.0] AndroidManifest.xml:30:17-85
86                android:value="androidx.startup" />
86-->[androidx.profileinstaller:profileinstaller:1.4.0] AndroidManifest.xml:31:17-49
87        </provider>
88
89        <receiver
89-->[androidx.profileinstaller:profileinstaller:1.4.0] AndroidManifest.xml:34:9-52:20
90            android:name="androidx.profileinstaller.ProfileInstallReceiver"
90-->[androidx.profileinstaller:profileinstaller:1.4.0] AndroidManifest.xml:35:13-76
91            android:directBootAware="false"
91-->[androidx.profileinstaller:profileinstaller:1.4.0] AndroidManifest.xml:36:13-44
92            android:enabled="true"
92-->[androidx.profileinstaller:profileinstaller:1.4.0] AndroidManifest.xml:37:13-35
93            android:exported="true"
93-->[androidx.profileinstaller:profileinstaller:1.4.0] AndroidManifest.xml:38:13-36
94            android:permission="android.permission.DUMP" >
94-->[androidx.profileinstaller:profileinstaller:1.4.0] AndroidManifest.xml:39:13-57
95            <intent-filter>
95-->[androidx.profileinstaller:profileinstaller:1.4.0] AndroidManifest.xml:40:13-42:29
96                <action android:name="androidx.profileinstaller.action.INSTALL_PROFILE" />
96-->[androidx.profileinstaller:profileinstaller:1.4.0] AndroidManifest.xml:41:17-91
96-->[androidx.profileinstaller:profileinstaller:1.4.0] AndroidManifest.xml:41:25-88
97            </intent-filter>
98            <intent-filter>
98-->[androidx.profileinstaller:profileinstaller:1.4.0] AndroidManifest.xml:43:13-45:29
99                <action android:name="androidx.profileinstaller.action.SKIP_FILE" />
99-->[androidx.profileinstaller:profileinstaller:1.4.0] AndroidManifest.xml:44:17-85
99-->[androidx.profileinstaller:profileinstaller:1.4.0] AndroidManifest.xml:44:25-82
100            </intent-filter>
101            <intent-filter>
101-->[androidx.profileinstaller:profileinstaller:1.4.0] AndroidManifest.xml:46:13-48:29
102                <action android:name="androidx.profileinstaller.action.SAVE_PROFILE" />
102-->[androidx.profileinstaller:profileinstaller:1.4.0] AndroidManifest.xml:47:17-88
102-->[androidx.profileinstaller:profileinstaller:1.4.0] AndroidManifest.xml:47:25-85
103            </intent-filter>
104            <intent-filter>
104-->[androidx.profileinstaller:profileinstaller:1.4.0] AndroidManifest.xml:49:13-51:29
105                <action android:name="androidx.profileinstaller.action.BENCHMARK_OPERATION" />
105-->[androidx.profileinstaller:profileinstaller:1.4.0] AndroidManifest.xml:50:17-95
105-->[androidx.profileinstaller:profileinstaller:1.4.0] AndroidManifest.xml:50:25-92
106            </intent-filter>
107        </receiver>
108    </application>
109
110</manifest>